PLINK v1.90b6.21 64-bit (19 Oct 2020)
Options in effect:
  --bfile HapMap_3_r3_11
  --make-bed
  --out HapMap_3_r3_12
  --remove 0.2_low_call_rate_pihat.txt

Hostname: Jessicas-MacBook-Pro.local
Working directory: /Users/jessicaaguilar/Desktop/Lab_05_gwas_test/GWA_tutorial/1_QC_GWAS
Start time: Sun Sep 18 12:44:14 2022

Random number seed: 1663530254
16384 MB RAM detected; reserving 8192 MB for main workspace.
1073226 variants loaded from .bim file.
110 people (55 males, 55 females) loaded from .fam.
110 phenotype values loaded from .fam.
--remove: 109 people remaining.
Using 1 thread (no multithreaded calculations invoked).
Before main variant filters, 109 founders and 0 nonfounders present.
Calculating allele frequencies... done.
Total genotyping rate in remaining samples is 0.998028.
1073226 variants and 109 people pass filters and QC.
Among remaining phenotypes, 54 are cases and 55 are controls.
--make-bed to HapMap_3_r3_12.bed + HapMap_3_r3_12.bim + HapMap_3_r3_12.fam ...
done.

End time: Sun Sep 18 12:44:15 2022
